<?xml version="1.0" encoding="UTF-8"?>
<testng-results skipped="0" failed="0" total="0" passed="0">
  <reporter-output>
  </reporter-output>
  <suite name="mobile.demoApp.AppTest" duration-ms="2" started-at="2016-09-13T17:02:33Z" finished-at="2016-09-13T17:02:33Z">
    <groups>
    </groups>
    <test name="Command line test" duration-ms="2" started-at="2016-09-13T17:02:33Z" finished-at="2016-09-13T17:02:33Z">
    </test> <!-- Command line test -->
  </suite> <!-- mobile.demoApp.AppTest -->
</testng-results>
